<?xml version="1.0" encoding="UTF-8"?>
<testsuite name="pl.edu.wat.crochetshopapi.CrochetShopApiApplicationTests" tests="1" skipped="0" failures="0" errors="0" timestamp="2023-01-12T19:32:47" hostname="fedora" time="0.133">
  <properties/>
  <testcase name="contextLoads()" classname="pl.edu.wat.crochetshopapi.CrochetShopApiApplicationTests" time="0.133"/>
  <system-out><![CDATA[20:32:42.739 [Test worker] DEBUG org.springframework.boot.test.context.SpringBootTestContextBootstrapper - Neither @ContextConfiguration nor @ContextHierarchy found for test class [CrochetShopApiApplicationTests]: using SpringBootContextLoader
20:32:42.745 [Test worker] DEBUG org.springframework.test.context.support.AbstractContextLoader - Could not detect default resource locations for test class [pl.edu.wat.crochetshopapi.CrochetShopApiApplicationTests]: no resource found for suffixes {-context.xml, Context.groovy}.
20:32:42.746 [Test worker] INFO org.springframework.test.context.support.AnnotationConfigContextLoaderUtils - Could not detect default configuration classes for test class [pl.edu.wat.crochetshopapi.CrochetShopApiApplicationTests]: CrochetShopApiApplicationTests does not declare any static, non-private, non-final, nested classes annotated with @Configuration.
20:32:42.771 [Test worker] DEBUG org.springframework.boot.test.context.SpringBootTestContextBootstrapper - Using ContextCustomizers for test class [CrochetShopApiApplicationTests]: [DisableObservabilityContextCustomizer, PropertyMappingContextCustomizer, Customizer, ExcludeFilterContextCustomizer, DuplicateJsonObjectContextCustomizer, MockitoContextCustomizer, TestRestTemplateContextCustomizer]
20:32:42.846 [Test worker] DEBUG org.springframework.context.annotation.ClassPathScanningCandidateComponentProvider - Identified candidate component class: file [/home/wojciech/IdeaProjects/CrochetShopAPI/build/classes/java/main/pl/edu/wat/crochetshopapi/CrochetShopApiApplication.class]
20:32:42.848 [Test worker] INFO org.springframework.boot.test.context.SpringBootTestContextBootstrapper - Found @SpringBootConfiguration pl.edu.wat.crochetshopapi.CrochetShopApiApplication for test class pl.edu.wat.crochetshopapi.CrochetShopApiApplicationTests
20:32:42.944 [Test worker] DEBUG org.springframework.boot.test.context.SpringBootTestContextBootstrapper - Using TestExecutionListeners for test class [CrochetShopApiApplicationTests]: [ServletTestExecutionListener, DirtiesContextBeforeModesTestExecutionListener, ApplicationEventsTestExecutionListener, MockitoTestExecutionListener, DependencyInjectionTestExecutionListener, DirtiesContextTestExecutionListener, TransactionalTestExecutionListener, SqlScriptsTestExecutionListener, WithSecurityContextTestExecutionListener, EventPublishingTestExecutionListener, ReactorContextTestExecutionListener, RestDocsTestExecutionListener, MockRestServiceServerResetTestExecutionListener, MockMvcPrintOnlyOnFailureTestExecutionListener, WebDriverTestExecutionListener, MockWebServiceServerTestExecutionListener, ResetMocksTestExecutionListener]
20:32:42.946 [Test worker] DEBUG org.springframework.test.context.support.AbstractDirtiesContextTestExecutionListener - Before test class: class [CrochetShopApiApplicationTests], class annotated with @DirtiesContext [false] with mode [null]

  .   ____          _            __ _ _
 /\\ / ___'_ __ _ _(_)_ __  __ _ \ \ \ \
( ( )\___ | '_ | '_| | '_ \/ _` | \ \ \ \
 \\/  ___)| |_)| | | | | || (_| |  ) ) ) )
  '  |____| .__|_| |_|_| |_\__, | / / / /
 =========|_|==============|___/=/_/_/_/
 :: Spring Boot ::                (v3.0.0)

2023-01-12T20:32:43.204+01:00  INFO 52840 --- [    Test worker] p.e.w.c.CrochetShopApiApplicationTests   : Starting CrochetShopApiApplicationTests using Java 18.0.2 with PID 52840 (started by wojciech in /home/wojciech/IdeaProjects/CrochetShopAPI)
2023-01-12T20:32:43.205+01:00  INFO 52840 --- [    Test worker] p.e.w.c.CrochetShopApiApplicationTests   : No active profile set, falling back to 1 default profile: "default"
2023-01-12T20:32:43.868+01:00  INFO 52840 --- [    Test worker] .s.d.r.c.RepositoryConfigurationDelegate : Bootstrapping Spring Data JPA repositories in DEFAULT mode.
2023-01-12T20:32:43.954+01:00  INFO 52840 --- [    Test worker] .s.d.r.c.RepositoryConfigurationDelegate : Finished Spring Data repository scanning in 78 ms. Found 9 JPA repository interfaces.
2023-01-12T20:32:44.477+01:00  INFO 52840 --- [    Test worker] o.hibernate.jpa.internal.util.LogHelper  : HHH000204: Processing PersistenceUnitInfo [name: default]
2023-01-12T20:32:44.525+01:00  INFO 52840 --- [    Test worker] org.hibernate.Version                    : HHH000412: Hibernate ORM core version 6.1.5.Final
2023-01-12T20:32:44.693+01:00  WARN 52840 --- [    Test worker] org.hibernate.orm.deprecation            : HHH90000021: Encountered deprecated setting [javax.persistence.sharedCache.mode], use [jakarta.persistence.sharedCache.mode] instead
2023-01-12T20:32:44.800+01:00  INFO 52840 --- [    Test worker] com.zaxxer.hikari.HikariDataSource       : HikariPool-1 - Starting...
2023-01-12T20:32:45.055+01:00  INFO 52840 --- [    Test worker] com.zaxxer.hikari.pool.HikariPool        : HikariPool-1 - Added connection org.postgresql.jdbc.PgConnection@46d0f89c
2023-01-12T20:32:45.057+01:00  INFO 52840 --- [    Test worker] com.zaxxer.hikari.HikariDataSource       : HikariPool-1 - Start completed.
2023-01-12T20:32:45.091+01:00  INFO 52840 --- [    Test worker] SQL dialect                              : HHH000400: Using dialect: org.hibernate.dialect.PostgreSQLDialect
2023-01-12T20:32:46.903+01:00  INFO 52840 --- [    Test worker] o.h.e.t.j.p.i.JtaPlatformInitiator       : HHH000490: Using JtaPlatform implementation: [org.hibernate.engine.transaction.jta.platform.internal.NoJtaPlatform]
2023-01-12T20:32:46.908+01:00  INFO 52840 --- [    Test worker] j.LocalContainerEntityManagerFactoryBean : Initialized JPA EntityManagerFactory for persistence unit 'default'
2023-01-12T20:32:47.231+01:00  INFO 52840 --- [    Test worker] p.e.w.c.s.filter.SimpleCORSFilter        : SimpleCORSFilter init
2023-01-12T20:32:47.286+01:00  WARN 52840 --- [    Test worker] JpaBaseConfiguration$JpaWebConfiguration : spring.jpa.open-in-view is enabled by default. Therefore, database queries may be performed during view rendering. Explicitly configure spring.jpa.open-in-view to disable this warning
2023-01-12T20:32:47.525+01:00  INFO 52840 --- [    Test worker] o.s.s.web.DefaultSecurityFilterChain     : Will secure any request with [org.springframework.security.web.session.DisableEncodeUrlFilter@7c919e1e, org.springframework.security.web.context.request.async.WebAsyncManagerIntegrationFilter@bddac1c, org.springframework.security.web.context.SecurityContextHolderFilter@553d828a, org.springframework.security.web.header.HeaderWriterFilter@74d3b331, org.springframework.security.web.authentication.logout.LogoutFilter@103033fe, org.springframework.security.web.savedrequest.RequestCacheAwareFilter@2ba9765b, org.springframework.security.web.servletapi.SecurityContextHolderAwareRequestFilter@a36ff0b, org.springframework.security.web.authentication.AnonymousAuthenticationFilter@1c7fd2e0, org.springframework.security.web.session.SessionManagementFilter@20a3321a, org.springframework.security.web.access.ExceptionTranslationFilter@79d3c655, org.springframework.security.web.access.intercept.AuthorizationFilter@e0f2686]
2023-01-12T20:32:47.793+01:00  INFO 52840 --- [    Test worker] p.e.w.c.CrochetShopApiApplicationTests   : Started CrochetShopApiApplicationTests in 4.811 seconds (process running for 5.83)
]]></system-out>
  <system-err><![CDATA[]]></system-err>
</testsuite>
